c:\users\vaynh\desktop\advanced-modern-imgui-main\imgui-master\examples\example_win32_directx9\debug\vc143.pdb
c:\users\vaynh\desktop\advanced-modern-imgui-main\imgui-master\examples\example_win32_directx9\debug\vc143.idb
c:\users\vaynh\desktop\advanced-modern-imgui-main\imgui-master\examples\example_win32_directx9\debug\main.obj
c:\users\vaynh\desktop\advanced-modern-imgui-main\imgui-master\examples\example_win32_directx9\debug\blur.obj
c:\users\vaynh\desktop\advanced-modern-imgui-main\imgui-master\examples\example_win32_directx9\debug\imgui_impl_win32.obj
c:\users\vaynh\desktop\advanced-modern-imgui-main\imgui-master\examples\example_win32_directx9\debug\imgui_impl_dx9.obj
c:\users\vaynh\desktop\advanced-modern-imgui-main\imgui-master\examples\example_win32_directx9\debug\imgui_widgets.obj
c:\users\vaynh\desktop\advanced-modern-imgui-main\imgui-master\examples\example_win32_directx9\debug\imgui_tables.obj
c:\users\vaynh\desktop\advanced-modern-imgui-main\imgui-master\examples\example_win32_directx9\debug\imgui_draw.obj
c:\users\vaynh\desktop\advanced-modern-imgui-main\imgui-master\examples\example_win32_directx9\debug\imgui_demo.obj
c:\users\vaynh\desktop\advanced-modern-imgui-main\imgui-master\examples\example_win32_directx9\debug\imgui.obj
c:\users\vaynh\desktop\advanced-modern-imgui-main\imgui-master\examples\example_win32_directx9\debug\example_win32_directx9.ilk
c:\users\vaynh\desktop\advanced-modern-imgui-main\imgui-master\examples\example_win32_directx9\debug\example_win32_directx9.exe
c:\users\vaynh\desktop\advanced-modern-imgui-main\imgui-master\examples\example_win32_directx9\debug\example_win32_directx9.pdb
c:\users\vaynh\desktop\advanced-modern-imgui-main\imgui-master\examples\example_win32_directx9\debug\example_win32_directx9.vcxproj.filelistabsolute.txt
c:\users\vaynh\desktop\advanced-modern-imgui-main\imgui-master\examples\example_win32_directx9\debug\example_.4165a294.tlog\cl.command.1.tlog
c:\users\vaynh\desktop\advanced-modern-imgui-main\imgui-master\examples\example_win32_directx9\debug\example_.4165a294.tlog\cl.read.1.tlog
c:\users\vaynh\desktop\advanced-modern-imgui-main\imgui-master\examples\example_win32_directx9\debug\example_.4165a294.tlog\cl.write.1.tlog
c:\users\vaynh\desktop\advanced-modern-imgui-main\imgui-master\examples\example_win32_directx9\debug\example_.4165a294.tlog\link.command.1.tlog
c:\users\vaynh\desktop\advanced-modern-imgui-main\imgui-master\examples\example_win32_directx9\debug\example_.4165a294.tlog\link.read.1.tlog
c:\users\vaynh\desktop\advanced-modern-imgui-main\imgui-master\examples\example_win32_directx9\debug\example_.4165a294.tlog\link.write.1.tlog
